<?xml version="1.0" encoding="UTF-8"?>
<!-- Generated by org.testng.reporters.JUnitReportReporter -->
<testsuite hostname="LAPTOP-25AN6OAG" failures="0" tests="1" name="test.Test1" time="6.153" errors="0" timestamp="2022-03-31T17:09:51 AEDT" skipped="0">
  <testcase classname="test.Test1" name="atTest" time="6.153"/>
  <system-out/>
</testsuite> <!-- test.Test1 -->
